<?xml version="1.0" encoding="UTF-8"?>
<!-- Generated by org.testng.reporters.JUnitXMLReporter -->
<testsuite hostname="moshelevin-lt" failures="0" tests="8" name="Test" time="0.14" errors="0" timestamp="23 Jan 2018 14:54:13 GMT">
  <testcase classname="seetest.Test6_mytest1" name="@BeforeMethod setUp" time="0.0">
    <failure type="java.lang.NullPointerException">
      <![CDATA[java.lang.NullPointerException
	at seetest.Main.setUp(Main.java:27)
	at java.base/java.util.concurrent.ThreadPoolExecutor.runWorker(ThreadPoolExecutor.java:1167)
	at java.base/java.util.concurrent.ThreadPoolExecutor$Worker.run(ThreadPoolExecutor.java:641)
	at java.base/java.lang.Thread.run(Thread.java:844)
... Removed 12 stack frames]]>
    </failure>
  </testcase> <!-- @BeforeMethod setUp -->
  <testcase classname="seetest.IOS_appstoretest" name="@BeforeMethod setUp" time="0.0">
    <failure type="java.lang.NullPointerException">
      <![CDATA[java.lang.NullPointerException
	at seetest.Main.setUp(Main.java:27)
	at java.base/java.util.concurrent.ThreadPoolExecutor.runWorker(ThreadPoolExecutor.java:1167)
	at java.base/java.util.concurrent.ThreadPoolExecutor$Worker.run(ThreadPoolExecutor.java:641)
	at java.base/java.lang.Thread.run(Thread.java:844)
... Removed 12 stack frames]]>
    </failure>
  </testcase> <!-- @BeforeMethod setUp -->
  <testcase classname="seetest.Test6_mytest1" name="@AfterMethod tearDown" time="0.0">
    <skipped/>
  </testcase> <!-- @AfterMethod tearDown -->
  <testcase classname="seetest.Test5_mytest" name="@BeforeMethod setUp" time="0.0">
    <skipped/>
  </testcase> <!-- @BeforeMethod setUp -->
  <testcase classname="seetest.Test5_mytest" name="@AfterMethod tearDown" time="0.0">
    <skipped/>
  </testcase> <!-- @AfterMethod tearDown -->
  <testcase classname="seetest.EribankLogin" name="@BeforeMethod setUp" time="0.0">
    <skipped/>
  </testcase> <!-- @BeforeMethod setUp -->
  <testcase classname="seetest.IOS_appstoretest" name="@AfterMethod tearDown" time="0.0">
    <skipped/>
  </testcase> <!-- @AfterMethod tearDown -->
  <testcase classname="seetest.EribankLogin" name="@AfterMethod tearDown" time="0.0">
    <skipped/>
  </testcase> <!-- @AfterMethod tearDown -->
  <testcase classname="seetest.TestMyapp" name="@BeforeMethod setUp" time="0.0">
    <skipped/>
  </testcase> <!-- @BeforeMethod setUp -->
  <testcase classname="seetest.ChromeAndSafari" name="@BeforeMethod setUp" time="0.0">
    <skipped/>
  </testcase> <!-- @BeforeMethod setUp -->
  <testcase classname="seetest.TestMyapp" name="@AfterMethod tearDown" time="0.0">
    <skipped/>
  </testcase> <!-- @AfterMethod tearDown -->
  <testcase classname="seetest.Test7_mytest2" name="@BeforeMethod setUp" time="0.0">
    <skipped/>
  </testcase> <!-- @BeforeMethod setUp -->
  <testcase classname="seetest.Test7_mytest2" name="@AfterMethod tearDown" time="0.0">
    <skipped/>
  </testcase> <!-- @AfterMethod tearDown -->
  <testcase classname="seetest.ChromeAndSafari" name="@AfterMethod tearDown" time="0.0">
    <skipped/>
  </testcase> <!-- @AfterMethod tearDown -->
  <testcase classname="seetest.PlaystoreTest" name="@BeforeMethod setUp" time="0.0">
    <skipped/>
  </testcase> <!-- @BeforeMethod setUp -->
  <testcase classname="seetest.PlaystoreTest" name="@AfterMethod tearDown" time="0.0">
    <skipped/>
  </testcase> <!-- @AfterMethod tearDown -->
  <testcase classname="seetest.Test6_mytest1" name="runtest" time="0.0">
    <skipped/>
  </testcase> <!-- runtest -->
  <testcase classname="seetest.IOS_appstoretest" name="runtest" time="0.001">
    <skipped/>
  </testcase> <!-- runtest -->
  <testcase classname="seetest.Test5_mytest" name="runtest" time="0.0">
    <skipped/>
  </testcase> <!-- runtest -->
  <testcase classname="seetest.EribankLogin" name="runtest" time="0.001">
    <skipped/>
  </testcase> <!-- runtest -->
  <testcase classname="seetest.TestMyapp" name="runtest" time="0.0">
    <skipped/>
  </testcase> <!-- runtest -->
  <testcase classname="seetest.ChromeAndSafari" name="runtest" time="0.0">
    <skipped/>
  </testcase> <!-- runtest -->
  <testcase classname="seetest.Test7_mytest2" name="runtest" time="0.001">
    <skipped/>
  </testcase> <!-- runtest -->
  <testcase classname="seetest.PlaystoreTest" name="runtest" time="0.0">
    <skipped/>
  </testcase> <!-- runtest -->
</testsuite> <!-- Test -->
