<?xml version="1.0" encoding="UTF-8"?>
<testng-results total="8" passed="0" failed="0" skipped="8">
  <reporter-output>
  </reporter-output>
  <suite started-at="2018-01-23T14:54:13Z" name="Suite" finished-at="2018-01-23T14:54:13Z" duration-ms="140">
    <groups>
      <group name="seetest">
        <method signature="ChromeAndSafari.runtest()[pri:0, instance:seetest.ChromeAndSafari@419c5f1a]" name="runtest" class="seetest.ChromeAndSafari"/>
        <method signature="EribankLogin.runtest()[pri:0, instance:seetest.EribankLogin@56de5251]" name="runtest" class="seetest.EribankLogin"/>
        <method signature="IOS_appstoretest.runtest()[pri:0, instance:seetest.IOS_appstoretest@d4342c2]" name="runtest" class="seetest.IOS_appstoretest"/>
        <method signature="PlaystoreTest.runtest()[pri:0, instance:seetest.PlaystoreTest@5276e6b0]" name="runtest" class="seetest.PlaystoreTest"/>
        <method signature="Test5_mytest.runtest()[pri:0, instance:seetest.Test5_mytest@163e4e87]" name="runtest" class="seetest.Test5_mytest"/>
        <method signature="Test6_mytest1.runtest()[pri:0, instance:seetest.Test6_mytest1@2bbf180e]" name="runtest" class="seetest.Test6_mytest1"/>
        <method signature="Test7_mytest2.runtest()[pri:0, instance:seetest.Test7_mytest2@769e7ee8]" name="runtest" class="seetest.Test7_mytest2"/>
        <method signature="TestMyapp.runtest()[pri:0, instance:seetest.TestMyapp@12b0404f]" name="runtest" class="seetest.TestMyapp"/>
      </group> <!-- seetest -->
    </groups>
    <test started-at="2018-01-23T14:54:13Z" name="Test" finished-at="2018-01-23T14:54:13Z" duration-ms="140">
      <class name="seetest.Test6_mytest1">
        <test-method is-config="true" signature="setUp()[pri:0, instance:seetest.Test6_mytest1@2bbf180e]" started-at="2018-01-23T16:54:13Z" name="setUp" finished-at="2018-01-23T16:54:13Z" duration-ms="0" status="FAIL">
          <exception class="java.lang.NullPointerException">
            <full-stacktrace>
              <![CDATA[java.lang.NullPointerException
	at seetest.Main.setUp(Main.java:27)
	at java.base/jdk.internal.reflect.NativeMethodAccessorImpl.invoke0(Native Method)
	at java.base/jdk.internal.reflect.NativeMethodAccessorImpl.invoke(NativeMethodAccessorImpl.java:62)
	at java.base/jdk.internal.reflect.DelegatingMethodAccessorImpl.invoke(DelegatingMethodAccessorImpl.java:43)
	at java.base/java.lang.reflect.Method.invoke(Method.java:564)
	at org.testng.internal.MethodInvocationHelper.invokeMethod(MethodInvocationHelper.java:100)
	at org.testng.internal.Invoker.invokeConfigurationMethod(Invoker.java:515)
	at org.testng.internal.Invoker.invokeConfigurations(Invoker.java:216)
	at org.testng.internal.Invoker.invokeMethod(Invoker.java:590)
	at org.testng.internal.Invoker.invokeTestMethod(Invoker.java:811)
	at org.testng.internal.Invoker.invokeTestMethods(Invoker.java:1129)
	at org.testng.internal.TestMethodWorker.invokeTestMethods(TestMethodWorker.java:129)
	at org.testng.internal.TestMethodWorker.run(TestMethodWorker.java:112)
	at java.base/java.util.concurrent.ThreadPoolExecutor.runWorker(ThreadPoolExecutor.java:1167)
	at java.base/java.util.concurrent.ThreadPoolExecutor$Worker.run(ThreadPoolExecutor.java:641)
	at java.base/java.lang.Thread.run(Thread.java:844)
]]>
            </full-stacktrace>
          </exception> <!-- java.lang.NullPointerException -->
          <reporter-output>
          </reporter-output>
        </test-method> <!-- setUp -->
        <test-method is-config="true" signature="tearDown(org.testng.ITestResult)[pri:0, instance:seetest.Test6_mytest1@2bbf180e]" started-at="2018-01-23T16:54:13Z" name="tearDown" finished-at="2018-01-23T16:54:13Z" duration-ms="0" status="SKIP">
          <reporter-output>
          </reporter-output>
        </test-method> <!-- tearDown -->
        <test-method signature="runtest()[pri:0, instance:seetest.Test6_mytest1@2bbf180e]" started-at="2018-01-23T16:54:13Z" name="runtest" finished-at="2018-01-23T16:54:13Z" duration-ms="0" status="SKIP">
          <reporter-output>
          </reporter-output>
        </test-method> <!-- runtest -->
      </class> <!-- seetest.Test6_mytest1 -->
      <class name="seetest.Test7_mytest2">
        <test-method is-config="true" signature="setUp()[pri:0, instance:seetest.Test7_mytest2@769e7ee8]" started-at="2018-01-23T16:54:13Z" name="setUp" finished-at="2018-01-23T16:54:13Z" duration-ms="0" status="SKIP">
          <reporter-output>
          </reporter-output>
        </test-method> <!-- setUp -->
        <test-method signature="runtest()[pri:0, instance:seetest.Test7_mytest2@769e7ee8]" started-at="2018-01-23T16:54:13Z" name="runtest" finished-at="2018-01-23T16:54:13Z" duration-ms="1" status="SKIP">
          <reporter-output>
          </reporter-output>
        </test-method> <!-- runtest -->
        <test-method is-config="true" signature="tearDown(org.testng.ITestResult)[pri:0, instance:seetest.Test7_mytest2@769e7ee8]" started-at="2018-01-23T16:54:13Z" name="tearDown" finished-at="2018-01-23T16:54:13Z" duration-ms="0" status="SKIP">
          <reporter-output>
          </reporter-output>
        </test-method> <!-- tearDown -->
      </class> <!-- seetest.Test7_mytest2 -->
      <class name="seetest.EribankLogin">
        <test-method is-config="true" signature="setUp()[pri:0, instance:seetest.EribankLogin@56de5251]" started-at="2018-01-23T16:54:13Z" name="setUp" finished-at="2018-01-23T16:54:13Z" duration-ms="0" status="SKIP">
          <reporter-output>
          </reporter-output>
        </test-method> <!-- setUp -->
        <test-method signature="runtest()[pri:0, instance:seetest.EribankLogin@56de5251]" started-at="2018-01-23T16:54:13Z" name="runtest" finished-at="2018-01-23T16:54:13Z" duration-ms="1" status="SKIP">
          <reporter-output>
          </reporter-output>
        </test-method> <!-- runtest -->
        <test-method is-config="true" signature="tearDown(org.testng.ITestResult)[pri:0, instance:seetest.EribankLogin@56de5251]" started-at="2018-01-23T16:54:13Z" name="tearDown" finished-at="2018-01-23T16:54:13Z" duration-ms="0" status="SKIP">
          <reporter-output>
          </reporter-output>
        </test-method> <!-- tearDown -->
      </class> <!-- seetest.EribankLogin -->
      <class name="seetest.ChromeAndSafari">
        <test-method is-config="true" signature="setUp()[pri:0, instance:seetest.ChromeAndSafari@419c5f1a]" started-at="2018-01-23T16:54:13Z" name="setUp" finished-at="2018-01-23T16:54:13Z" duration-ms="0" status="SKIP">
          <reporter-output>
          </reporter-output>
        </test-method> <!-- setUp -->
        <test-method is-config="true" signature="tearDown(org.testng.ITestResult)[pri:0, instance:seetest.ChromeAndSafari@419c5f1a]" started-at="2018-01-23T16:54:13Z" name="tearDown" finished-at="2018-01-23T16:54:13Z" duration-ms="0" status="SKIP">
          <reporter-output>
          </reporter-output>
        </test-method> <!-- tearDown -->
        <test-method signature="runtest()[pri:0, instance:seetest.ChromeAndSafari@419c5f1a]" started-at="2018-01-23T16:54:13Z" name="runtest" finished-at="2018-01-23T16:54:13Z" duration-ms="0" status="SKIP">
          <reporter-output>
          </reporter-output>
        </test-method> <!-- runtest -->
      </class> <!-- seetest.ChromeAndSafari -->
      <class name="seetest.TestMyapp">
        <test-method is-config="true" signature="setUp()[pri:0, instance:seetest.TestMyapp@12b0404f]" started-at="2018-01-23T16:54:13Z" name="setUp" finished-at="2018-01-23T16:54:13Z" duration-ms="0" status="SKIP">
          <reporter-output>
          </reporter-output>
        </test-method> <!-- setUp -->
        <test-method is-config="true" signature="tearDown(org.testng.ITestResult)[pri:0, instance:seetest.TestMyapp@12b0404f]" started-at="2018-01-23T16:54:13Z" name="tearDown" finished-at="2018-01-23T16:54:13Z" duration-ms="0" status="SKIP">
          <reporter-output>
          </reporter-output>
        </test-method> <!-- tearDown -->
        <test-method signature="runtest()[pri:0, instance:seetest.TestMyapp@12b0404f]" started-at="2018-01-23T16:54:13Z" name="runtest" finished-at="2018-01-23T16:54:13Z" duration-ms="0" status="SKIP">
          <reporter-output>
          </reporter-output>
        </test-method> <!-- runtest -->
      </class> <!-- seetest.TestMyapp -->
      <class name="seetest.PlaystoreTest">
        <test-method is-config="true" signature="tearDown(org.testng.ITestResult)[pri:0, instance:seetest.PlaystoreTest@5276e6b0]" started-at="2018-01-23T16:54:13Z" name="tearDown" finished-at="2018-01-23T16:54:13Z" duration-ms="0" status="SKIP">
          <reporter-output>
          </reporter-output>
        </test-method> <!-- tearDown -->
        <test-method signature="runtest()[pri:0, instance:seetest.PlaystoreTest@5276e6b0]" started-at="2018-01-23T16:54:13Z" name="runtest" finished-at="2018-01-23T16:54:13Z" duration-ms="0" status="SKIP">
          <reporter-output>
          </reporter-output>
        </test-method> <!-- runtest -->
        <test-method is-config="true" signature="setUp()[pri:0, instance:seetest.PlaystoreTest@5276e6b0]" started-at="2018-01-23T16:54:13Z" name="setUp" finished-at="2018-01-23T16:54:13Z" duration-ms="0" status="SKIP">
          <reporter-output>
          </reporter-output>
        </test-method> <!-- setUp -->
      </class> <!-- seetest.PlaystoreTest -->
      <class name="seetest.IOS_appstoretest">
        <test-method is-config="true" signature="setUp()[pri:0, instance:seetest.IOS_appstoretest@d4342c2]" started-at="2018-01-23T16:54:13Z" name="setUp" finished-at="2018-01-23T16:54:13Z" duration-ms="0" status="FAIL">
          <exception class="java.lang.NullPointerException">
            <full-stacktrace>
              <![CDATA[java.lang.NullPointerException
	at seetest.Main.setUp(Main.java:27)
	at java.base/jdk.internal.reflect.NativeMethodAccessorImpl.invoke0(Native Method)
	at java.base/jdk.internal.reflect.NativeMethodAccessorImpl.invoke(NativeMethodAccessorImpl.java:62)
	at java.base/jdk.internal.reflect.DelegatingMethodAccessorImpl.invoke(DelegatingMethodAccessorImpl.java:43)
	at java.base/java.lang.reflect.Method.invoke(Method.java:564)
	at org.testng.internal.MethodInvocationHelper.invokeMethod(MethodInvocationHelper.java:100)
	at org.testng.internal.Invoker.invokeConfigurationMethod(Invoker.java:515)
	at org.testng.internal.Invoker.invokeConfigurations(Invoker.java:216)
	at org.testng.internal.Invoker.invokeMethod(Invoker.java:590)
	at org.testng.internal.Invoker.invokeTestMethod(Invoker.java:811)
	at org.testng.internal.Invoker.invokeTestMethods(Invoker.java:1129)
	at org.testng.internal.TestMethodWorker.invokeTestMethods(TestMethodWorker.java:129)
	at org.testng.internal.TestMethodWorker.run(TestMethodWorker.java:112)
	at java.base/java.util.concurrent.ThreadPoolExecutor.runWorker(ThreadPoolExecutor.java:1167)
	at java.base/java.util.concurrent.ThreadPoolExecutor$Worker.run(ThreadPoolExecutor.java:641)
	at java.base/java.lang.Thread.run(Thread.java:844)
]]>
            </full-stacktrace>
          </exception> <!-- java.lang.NullPointerException -->
          <reporter-output>
          </reporter-output>
        </test-method> <!-- setUp -->
        <test-method signature="runtest()[pri:0, instance:seetest.IOS_appstoretest@d4342c2]" started-at="2018-01-23T16:54:13Z" name="runtest" finished-at="2018-01-23T16:54:13Z" duration-ms="1" status="SKIP">
          <reporter-output>
          </reporter-output>
        </test-method> <!-- runtest -->
        <test-method is-config="true" signature="tearDown(org.testng.ITestResult)[pri:0, instance:seetest.IOS_appstoretest@d4342c2]" started-at="2018-01-23T16:54:13Z" name="tearDown" finished-at="2018-01-23T16:54:13Z" duration-ms="0" status="SKIP">
          <reporter-output>
          </reporter-output>
        </test-method> <!-- tearDown -->
      </class> <!-- seetest.IOS_appstoretest -->
      <class name="seetest.Test5_mytest">
        <test-method is-config="true" signature="setUp()[pri:0, instance:seetest.Test5_mytest@163e4e87]" started-at="2018-01-23T16:54:13Z" name="setUp" finished-at="2018-01-23T16:54:13Z" duration-ms="0" status="SKIP">
          <reporter-output>
          </reporter-output>
        </test-method> <!-- setUp -->
        <test-method signature="runtest()[pri:0, instance:seetest.Test5_mytest@163e4e87]" started-at="2018-01-23T16:54:13Z" name="runtest" finished-at="2018-01-23T16:54:13Z" duration-ms="0" status="SKIP">
          <reporter-output>
          </reporter-output>
        </test-method> <!-- runtest -->
        <test-method is-config="true" signature="tearDown(org.testng.ITestResult)[pri:0, instance:seetest.Test5_mytest@163e4e87]" started-at="2018-01-23T16:54:13Z" name="tearDown" finished-at="2018-01-23T16:54:13Z" duration-ms="0" status="SKIP">
          <reporter-output>
          </reporter-output>
        </test-method> <!-- tearDown -->
      </class> <!-- seetest.Test5_mytest -->
    </test> <!-- Test -->
  </suite> <!-- Suite -->
</testng-results>
